<?xml version="1.0" encoding="UTF-8"?>
<!-- Generated by org.testng.reporters.JUnitReportReporter -->
<testsuite hostname="LAPTOP-0RPVKTO3" failures="0" tests="11" name="Com.nonBDD.GetAssuredNonBDD" time="8.331" errors="0" timestamp="2025-06-26T20:30:03 IST" skipped="0">
  <testcase classname="Com.nonBDD.GetAssuredNonBDD" name="GetRequest" time="2.276"/>
  <system-out/>
  <testcase classname="Com.nonBDD.GetAssuredNonBDD" name="PostRequest" time="0.886"/>
  <system-out/>
  <testcase classname="Com.nonBDD.GetAssuredNonBDD" name="PutRequest" time="0.936"/>
  <system-out/>
  <testcase classname="Com.nonBDD.GetAssuredNonBDD" name="DeleteRequest" time="0.894"/>
  <system-out/>
  <testcase classname="Com.nonBDD.GetAssuredNonBDD" name="VerifyTimeForGetRequest" time="0.211"/>
  <system-out/>
  <testcase classname="Com.nonBDD.GetAssuredNonBDD" name="VerifyInvalidStatusCode" time="0.260"/>
  <system-out/>
  <testcase classname="Com.nonBDD.GetAssuredNonBDD" name="Verify_Authentication_Without_Credentials" time="0.551"/>
  <system-out/>
  <testcase classname="Com.nonBDD.GetAssuredNonBDD" name="Verify_Query_Parameters" time="0.228"/>
  <system-out/>
  <testcase classname="Com.nonBDD.GetAssuredNonBDD" name="Verify_Response_header" time="0.240"/>
  <system-out/>
  <testcase classname="Com.nonBDD.GetAssuredNonBDD" name="InvalidPostData" time="1.228"/>
  <system-out/>
  <testcase classname="Com.nonBDD.GetAssuredNonBDD" name="Valid_Login_Post_Data" time="0.621"/>
  <system-out/>
</testsuite> <!-- Com.nonBDD.GetAssuredNonBDD -->
